Arguments: 
  C:\Program Files\nodejs\node.exe C:\Users\Frank\AppData\Roaming\npm\node_modules\yarn\bin\yarn.js init

PATH: 
  C:\Program Files\Git\mingw64\bin;C:\Program Files\Git\usr\bin;C:\Users\Frank\bin;C:\Program Files (x86)\Common Files\Oracle\Java\javapath;C:\ProgramData\Oracle\Java\javapath;C:\Windows\system32;C:\Windows;C:\Windows\System32\Wbem;C:\Windows\System32\WindowsPowerShell\v1.0;C:\Windows\System32\OpenSSH;C:\Program Files (x86)\NVIDIA Corporation\PhysX\Common;C:\Program Files\WIDCOMM\Bluetooth Software;C:\Program Files\WIDCOMM\Bluetooth Software\syswow64;C:\Program Files\Git\cmd;C:\Program Files\Git\mingw64\bin;C:\Program Files\Git\usr\bin;C:\ProgramData\chocolatey\bin;C:\tools\php74;C:\WINDOWS\system32;C:\WINDOWS;C:\WINDOWS\System32\Wbem;C:\WINDOWS\System32\WindowsPowerShell\v1.0;C:\WINDOWS\System32\OpenSSH;C:\Program Files\Intel\WiFi\bin;C:\Program Files\Common Files\Intel\WirelessCommon;C:\Program Files (x86)\dotnet;C:\Program Files\dotnet;C:\Program Files (x86)\Microsoft SQL Server\100\Tools\Binn;C:\Program Files\Microsoft SQL Server\100\Tools\Binn;C:\Program Files\Microsoft SQL Server\100\DTS\Binn;C:\Program Files\NVIDIA Corporation\NVIDIA NvDLISR;C:\Program Files\nodejs;C:\Program Files\PowerShell\7;C:\Program Files (x86)\ZeroTier\One;C:\Program Files\Docker\Docker\resources\bin;C:\ProgramData\DockerDesktop\version-bin;H:\Program Files\NVIDIA CodeWorks for Android\android-sdk-windows\extras\android\support;H:\Program Files\NVIDIA CodeWorks for Android\android-sdk-windows\build-tools;H:\Program Files\NVIDIA CodeWorks for Android\android-sdk-windows\platform-tools;H:\Program Files\NVIDIA CodeWorks for Android\android-sdk-windows\tools;H:\Program Files\NVIDIA CodeWorks for Android\gradle-4.4.1\bin;H:\Program Files\NVIDIA CodeWorks for Android\jdk1.8.0_77\bin;H:\Program Files\NVIDIA CodeWorks for Android\android-ndk-r18b;C:\Users\Frank\AppData\Local\Microsoft\WindowsApps;C:\Program Files (x86)\Nmap;C:\Program Files (x86)\Nmap;C:\Program Files\OpenSSL-Win64\bin;H:\Program Files\7-Zip;C:\Program Files (x86)\SVP 4\mpv64;C:\tools\ffmpeg;C:\tools\rush;C:\tools\PAQ8px;C:\tools\nanozip;C:\Program Files (x86)\FreeArc\bin;C:\Python27;C:\Python27\Scripts;C:\Users\Frank\AppData\Roaming\npm;C:\Users\Frank\.dotnet\tools;C:\tools\flutter\bin

Yarn version: 
  1.22.10

Node version: 
  15.14.0

Platform: 
  win32 x64

Trace: 
  Error: canceled
      at Interface.<anonymous> (C:\Users\Frank\AppData\Roaming\npm\node_modules\yarn\lib\cli.js:136216:13)
      at Interface.emit (node:events:369:20)
      at Interface._ttyWrite (node:readline:999:16)
      at ReadStream.onkeypress (node:readline:267:10)
      at ReadStream.emit (node:events:369:20)
      at emitKeys (node:internal/readline/utils:358:14)
      at emitKeys.next (<anonymous>)
      at ReadStream.onData (node:readline:1268:36)
      at ReadStream.emit (node:events:369:20)
      at addChunk (node:internal/streams/readable:313:12)

npm manifest: 
  No manifest

yarn manifest: 
  No manifest

Lockfile: 
  No lockfile
